<?xml version="1.0" encoding="UTF-8"?>
<!-- Generated by org.testng.reporters.JUnitXMLReporter -->
<testsuite hostname="SATISH-PC" name="Verify multiplication, division and Subtraction of two numbers" tests="3" failures="0" timestamp="7 Jan 2018 05:57:30 GMT" time="0.034" errors="0">
  <testcase name="division" time="0.002" classname="org.ej.learning.Maths"/>
  <testcase name="multiply" time="0.004" classname="org.ej.learning.Maths"/>
  <testcase name="subtract" time="0.003" classname="org.ej.learning.Maths"/>
</testsuite> <!-- Verify multiplication, division and Subtraction of two numbers -->
