<?xml version="1.0" encoding="UTF-8"?>
<!-- Generated by org.testng.reporters.JUnitXMLReporter -->
<testsuite hostname="SATISH-PC" name="Verify addition, Subtraction, multiplication and division of two numbers" tests="5" failures="0" timestamp="7 Jan 2018 07:04:40 GMT" time="0.093" errors="0">
  <testcase name="subtract" time="0.028" classname="org.ej.learning.Maths"/>
  <testcase name="division" time="0.004" classname="org.ej.learning.Maths"/>
  <testcase name="multiply" time="0.003" classname="org.ej.learning.Maths"/>
  <testcase name="add" time="0.003" classname="org.ej.learning.Maths"/>
  <testcase name="sqrt" time="0.009" classname="org.ej.learning.Maths1234"/>
</testsuite> <!-- Verify addition, Subtraction, multiplication and division of two numbers -->
