<?xml version="1.0" encoding="UTF-8"?>
<!-- Generated by org.testng.reporters.JUnitXMLReporter -->
<testsuite hostname="SATISH-PC" name="Verify addition, Subtraction, multiplication, division and square root" tests="2" failures="0" timestamp="27 May 2018 17:13:53 GMT" time="0.085" errors="0">
  <testcase name="add" time="0.009" classname="org.ej.learning.Maths"/>
  <testcase name="subtract" time="0.004" classname="org.ej.learning.Maths"/>
</testsuite> <!-- Verify addition, Subtraction, multiplication, division and square root -->
