<?xml version="1.0" encoding="UTF-8"?>
<!-- Generated by org.testng.reporters.JUnitXMLReporter -->
<testsuite hostname="SATISH-PC" name="Verify multiplication, division ,Subtraction and Addition of two numbers" tests="4" failures="0" timestamp="7 Jan 2018 05:57:30 GMT" time="0.035" errors="0">
  <testcase name="division" time="0.002" classname="org.ej.learning.Maths"/>
  <testcase name="add" time="0.002" classname="org.ej.learning.Maths"/>
  <testcase name="multiply" time="0.002" classname="org.ej.learning.Maths"/>
  <testcase name="subtract" time="0.007" classname="org.ej.learning.Maths"/>
</testsuite> <!-- Verify multiplication, division ,Subtraction and Addition of two numbers -->
