<?xml version="1.0" encoding="UTF-8"?>
<testng-results skipped="0" failed="0" ignored="1" total="1" passed="0">
  <reporter-output>
  </reporter-output>
  <suite name="regression" duration-ms="33" started-at="2019-12-28T06:03:49Z" finished-at="2019-12-28T06:03:49Z">
    <groups>
    </groups>
    <test name="Testng Assert Demo" duration-ms="33" started-at="2019-12-28T06:03:49Z" finished-at="2019-12-28T06:03:49Z">
    </test> <!-- Testng Assert Demo -->
  </suite> <!-- regression -->
</testng-results>
